{"/home/bogus/Node_Projects/Library/test/CRUD_test.js":{"path":"/home/bogus/Node_Projects/Library/test/CRUD_test.js","s":{"1":1,"2":1,"3":0,"4":0,"5":0,"6":0,"7":0,"8":0,"9":0,"10":0,"11":0,"12":0,"13":0,"14":0,"15":0,"16":0,"17":0,"18":0},"b":{},"f":{"1":0,"2":0,"3":0,"4":0,"5":0,"6":0},"fnMap":{"1":{"name":"(anonymous_1)","line":4,"loc":{"start":{"line":4,"column":17},"end":{"line":4,"column":28}}},"2":{"name":"(anonymous_2)","line":5,"loc":{"start":{"line":5,"column":27},"end":{"line":5,"column":38}}},"3":{"name":"(anonymous_3)","line":6,"loc":{"start":{"line":6,"column":37},"end":{"line":6,"column":48}}},"4":{"name":"(anonymous_4)","line":15,"loc":{"start":{"line":15,"column":17},"end":{"line":15,"column":28}}},"5":{"name":"(anonymous_5)","line":16,"loc":{"start":{"line":16,"column":28},"end":{"line":16,"column":39}}},"6":{"name":"(anonymous_6)","line":17,"loc":{"start":{"line":17,"column":37},"end":{"line":17,"column":48}}}},"statementMap":{"1":{"start":{"line":2,"column":0},"end":{"line":2,"column":34}},"2":{"start":{"line":4,"column":0},"end":{"line":13,"column":3}},"3":{"start":{"line":5,"column":2},"end":{"line":12,"column":5}},"4":{"start":{"line":6,"column":4},"end":{"line":11,"column":7}},"5":{"start":{"line":7,"column":6},"end":{"line":7,"column":38}},"6":{"start":{"line":8,"column":6},"end":{"line":8,"column":38}},"7":{"start":{"line":9,"column":6},"end":{"line":9,"column":49}},"8":{"start":{"line":10,"column":6},"end":{"line":10,"column":53}},"9":{"start":{"line":15,"column":0},"end":{"line":27,"column":3}},"10":{"start":{"line":16,"column":2},"end":{"line":26,"column":5}},"11":{"start":{"line":17,"column":4},"end":{"line":25,"column":7}},"12":{"start":{"line":18,"column":6},"end":{"line":18,"column":38}},"13":{"start":{"line":19,"column":6},"end":{"line":19,"column":38}},"14":{"start":{"line":20,"column":6},"end":{"line":20,"column":57}},"15":{"start":{"line":21,"column":6},"end":{"line":21,"column":59}},"16":{"start":{"line":22,"column":6},"end":{"line":22,"column":59}},"17":{"start":{"line":23,"column":6},"end":{"line":23,"column":61}},"18":{"start":{"line":24,"column":6},"end":{"line":24,"column":61}}},"branchMap":{}}}