{"/home/bogus/Node_Projects/Library/CRUD.js":{"path":"/home/bogus/Node_Projects/Library/CRUD.js","s":{"1":1,"2":1,"3":1,"4":1,"5":6,"6":6,"7":6,"8":1,"9":0,"10":1,"11":0,"12":1,"13":0,"14":1,"15":0,"16":1},"b":{},"f":{"1":6,"2":0,"3":0,"4":0,"5":0},"fnMap":{"1":{"name":"CRUD","line":4,"loc":{"start":{"line":4,"column":0},"end":{"line":4,"column":21}}},"2":{"name":"(anonymous_2)","line":9,"loc":{"start":{"line":9,"column":24},"end":{"line":9,"column":36}}},"3":{"name":"(anonymous_3)","line":12,"loc":{"start":{"line":12,"column":21},"end":{"line":12,"column":38}}},"4":{"name":"(anonymous_4)","line":15,"loc":{"start":{"line":15,"column":24},"end":{"line":15,"column":41}}},"5":{"name":"(anonymous_5)","line":18,"loc":{"start":{"line":18,"column":24},"end":{"line":18,"column":41}}}},"statementMap":{"1":{"start":{"line":1,"column":0},"end":{"line":1,"column":39}},"2":{"start":{"line":2,"column":0},"end":{"line":2,"column":38}},"3":{"start":{"line":3,"column":0},"end":{"line":3,"column":43}},"4":{"start":{"line":4,"column":0},"end":{"line":8,"column":1}},"5":{"start":{"line":5,"column":2},"end":{"line":5,"column":21}},"6":{"start":{"line":6,"column":2},"end":{"line":6,"column":32}},"7":{"start":{"line":7,"column":2},"end":{"line":7,"column":36}},"8":{"start":{"line":9,"column":0},"end":{"line":11,"column":2}},"9":{"start":{"line":10,"column":2},"end":{"line":10,"column":56}},"10":{"start":{"line":12,"column":0},"end":{"line":14,"column":2}},"11":{"start":{"line":13,"column":2},"end":{"line":13,"column":131}},"12":{"start":{"line":15,"column":0},"end":{"line":17,"column":2}},"13":{"start":{"line":16,"column":2},"end":{"line":16,"column":172}},"14":{"start":{"line":18,"column":0},"end":{"line":20,"column":2}},"15":{"start":{"line":19,"column":2},"end":{"line":19,"column":121}},"16":{"start":{"line":21,"column":0},"end":{"line":21,"column":22}}},"branchMap":{}},"/home/bogus/Node_Projects/Library/config.js":{"path":"/home/bogus/Node_Projects/Library/config.js","s":{"1":1},"b":{},"f":{},"fnMap":{},"statementMap":{"1":{"start":{"line":1,"column":0},"end":{"line":6,"column":2}}},"branchMap":{}},"/home/bogus/Node_Projects/Library/app.js":{"path":"/home/bogus/Node_Projects/Library/app.js","s":{"1":1,"2":1,"3":1,"4":1,"5":1,"6":1,"7":1,"8":1,"9":1,"10":1,"11":1,"12":1,"13":1,"14":1,"15":1,"16":1,"17":1,"18":1,"19":1,"20":1,"21":1,"22":1,"23":1,"24":0,"25":0,"26":0,"27":1,"28":0,"29":0,"30":0,"31":0,"32":1},"b":{"1":[0,0],"2":[0,0]},"f":{"1":0,"2":0},"fnMap":{"1":{"name":"(anonymous_1)","line":35,"loc":{"start":{"line":35,"column":8},"end":{"line":35,"column":33}}},"2":{"name":"(anonymous_2)","line":42,"loc":{"start":{"line":42,"column":8},"end":{"line":42,"column":38}}}},"statementMap":{"1":{"start":{"line":1,"column":0},"end":{"line":1,"column":33}},"2":{"start":{"line":2,"column":0},"end":{"line":2,"column":27}},"3":{"start":{"line":3,"column":0},"end":{"line":3,"column":39}},"4":{"start":{"line":4,"column":0},"end":{"line":4,"column":31}},"5":{"start":{"line":5,"column":0},"end":{"line":5,"column":44}},"6":{"start":{"line":6,"column":0},"end":{"line":6,"column":40}},"7":{"start":{"line":7,"column":0},"end":{"line":7,"column":47}},"8":{"start":{"line":8,"column":0},"end":{"line":8,"column":47}},"9":{"start":{"line":9,"column":0},"end":{"line":9,"column":41}},"10":{"start":{"line":10,"column":0},"end":{"line":10,"column":38}},"11":{"start":{"line":12,"column":0},"end":{"line":12,"column":20}},"12":{"start":{"line":15,"column":0},"end":{"line":15,"column":75}},"13":{"start":{"line":16,"column":0},"end":{"line":16,"column":31}},"14":{"start":{"line":17,"column":0},"end":{"line":17,"column":24}},"15":{"start":{"line":20,"column":0},"end":{"line":20,"column":22}},"16":{"start":{"line":21,"column":0},"end":{"line":21,"column":23}},"17":{"start":{"line":22,"column":0},"end":{"line":22,"column":27}},"18":{"start":{"line":23,"column":0},"end":{"line":23,"column":52}},"19":{"start":{"line":24,"column":0},"end":{"line":24,"column":24}},"20":{"start":{"line":25,"column":0},"end":{"line":30,"column":3}},"21":{"start":{"line":31,"column":0},"end":{"line":31,"column":56}},"22":{"start":{"line":32,"column":0},"end":{"line":32,"column":20}},"23":{"start":{"line":35,"column":0},"end":{"line":39,"column":3}},"24":{"start":{"line":36,"column":2},"end":{"line":36,"column":35}},"25":{"start":{"line":37,"column":2},"end":{"line":37,"column":19}},"26":{"start":{"line":38,"column":2},"end":{"line":38,"column":12}},"27":{"start":{"line":42,"column":0},"end":{"line":50,"column":3}},"28":{"start":{"line":44,"column":2},"end":{"line":44,"column":35}},"29":{"start":{"line":45,"column":2},"end":{"line":45,"column":69}},"30":{"start":{"line":48,"column":2},"end":{"line":48,"column":32}},"31":{"start":{"line":49,"column":2},"end":{"line":49,"column":22}},"32":{"start":{"line":52,"column":0},"end":{"line":52,"column":21}}},"branchMap":{"1":{"line":45,"type":"cond-expr","locations":[{"start":{"line":45,"column":60},"end":{"line":45,"column":63}},{"start":{"line":45,"column":66},"end":{"line":45,"column":68}}]},"2":{"line":48,"type":"binary-expr","locations":[{"start":{"line":48,"column":13},"end":{"line":48,"column":23}},{"start":{"line":48,"column":27},"end":{"line":48,"column":30}}]}}},"/home/bogus/Node_Projects/Library/routes/index.js":{"path":"/home/bogus/Node_Projects/Library/routes/index.js","s":{"1":1,"2":1,"3":1,"4":1,"5":1,"6":1,"7":1,"8":1,"9":1,"10":0,"11":1,"12":0,"13":0,"14":0,"15":0,"16":1,"17":0,"18":0,"19":0,"20":0,"21":1,"22":0,"23":0,"24":0,"25":0,"26":0,"27":0,"28":0,"29":0,"30":0,"31":0,"32":0,"33":0,"34":0,"35":1,"36":0,"37":0,"38":0,"39":1,"40":0,"41":1,"42":0,"43":1,"44":0,"45":1,"46":0,"47":0,"48":0,"49":1,"50":0,"51":1,"52":0,"53":1,"54":0,"55":1,"56":0,"57":0,"58":0,"59":1,"60":0,"61":1,"62":0,"63":1,"64":0,"65":1,"66":0,"67":0,"68":0,"69":1,"70":0,"71":1,"72":0,"73":1,"74":0,"75":1,"76":0,"77":0,"78":0,"79":1,"80":0,"81":1,"82":0,"83":1,"84":0,"85":1,"86":0,"87":0,"88":0,"89":0,"90":0,"91":0,"92":0,"93":0,"94":0,"95":0,"96":0,"97":1,"98":0,"99":1,"100":0,"101":1,"102":0,"103":1,"104":0,"105":0,"106":0,"107":0,"108":0,"109":0,"110":0,"111":1,"112":0,"113":0,"114":1,"115":0,"116":1,"117":0,"118":1,"119":0,"120":0,"121":0,"122":0,"123":0,"124":0,"125":0,"126":0,"127":0,"128":0,"129":0,"130":0,"131":0,"132":0,"133":0,"134":0,"135":0,"136":0,"137":1,"138":0,"139":0,"140":0,"141":0,"142":0,"143":0,"144":1,"145":0,"146":0,"147":0,"148":0,"149":0,"150":0,"151":1,"152":0,"153":0,"154":0,"155":0,"156":0,"157":0,"158":0,"159":1,"160":0,"161":1,"162":0,"163":0,"164":0,"165":0,"166":0,"167":0,"168":0,"169":0,"170":0,"171":0,"172":0,"173":0,"174":0,"175":0,"176":0,"177":0,"178":0,"179":0,"180":0,"181":0,"182":0,"183":0,"184":1,"185":0,"186":0,"187":0,"188":0,"189":0,"190":0,"191":0,"192":0,"193":0,"194":0,"195":0,"196":1,"197":0,"198":0,"199":1,"200":0,"201":0,"202":1,"203":0,"204":0,"205":1,"206":0,"207":0,"208":0,"209":0,"210":0,"211":0,"212":0,"213":0,"214":0,"215":0,"216":0,"217":1,"218":0,"219":0,"220":1,"221":0,"222":0,"223":1,"224":0,"225":0,"226":1,"227":0,"228":0,"229":0,"230":0,"231":0,"232":0,"233":0,"234":0,"235":0,"236":0,"237":0,"238":1,"239":0,"240":0,"241":1,"242":0,"243":0,"244":1,"245":0,"246":0,"247":1,"248":0,"249":0,"250":0,"251":1,"252":0,"253":0,"254":0,"255":0,"256":0,"257":0,"258":0,"259":0,"260":0,"261":0,"262":0,"263":0,"264":0,"265":0,"266":0,"267":0,"268":1},"b":{"1":[0,0],"2":[0,0],"3":[0,0],"4":[0,0,0],"5":[0,0],"6":[0,0],"7":[0,0],"8":[0,0],"9":[0,0],"10":[0,0],"11":[0,0],"12":[0,0],"13":[0,0],"14":[0,0],"15":[0,0],"16":[0,0],"17":[0,0],"18":[0,0],"19":[0,0],"20":[0,0],"21":[0,0],"22":[0,0],"23":[0,0],"24":[0,0],"25":[0,0],"26":[0,0],"27":[0,0],"28":[0,0],"29":[0,0],"30":[0,0],"31":[0,0],"32":[0,0],"33":[0,0],"34":[0,0],"35":[0,0],"36":[0,0],"37":[0,0],"38":[0,0],"39":[0,0],"40":[0,0]},"f":{"1":0,"2":0,"3":0,"4":0,"5":0,"6":0,"7":0,"8":0,"9":0,"10":0,"11":0,"12":0,"13":0},"fnMap":{"1":{"name":"(anonymous_1)","line":174,"loc":{"start":{"line":174,"column":16},"end":{"line":174,"column":33}}},"2":{"name":"promise","line":303,"loc":{"start":{"line":303,"column":2},"end":{"line":303,"column":42}}},"3":{"name":"(anonymous_3)","line":384,"loc":{"start":{"line":384,"column":23},"end":{"line":384,"column":37}}},"4":{"name":"(anonymous_4)","line":386,"loc":{"start":{"line":386,"column":14},"end":{"line":386,"column":40}}},"5":{"name":"(anonymous_5)","line":393,"loc":{"start":{"line":393,"column":18},"end":{"line":393,"column":35}}},"6":{"name":"(anonymous_6)","line":411,"loc":{"start":{"line":411,"column":16},"end":{"line":411,"column":30}}},"7":{"name":"(anonymous_7)","line":422,"loc":{"start":{"line":422,"column":16},"end":{"line":422,"column":33}}},"8":{"name":"(anonymous_8)","line":467,"loc":{"start":{"line":467,"column":16},"end":{"line":467,"column":30}}},"9":{"name":"(anonymous_9)","line":478,"loc":{"start":{"line":478,"column":16},"end":{"line":478,"column":33}}},"10":{"name":"(anonymous_10)","line":523,"loc":{"start":{"line":523,"column":16},"end":{"line":523,"column":30}}},"11":{"name":"(anonymous_11)","line":534,"loc":{"start":{"line":534,"column":16},"end":{"line":534,"column":33}}},"12":{"name":"execute","line":573,"loc":{"start":{"line":573,"column":0},"end":{"line":573,"column":46}}},"13":{"name":"uploadImage","line":579,"loc":{"start":{"line":579,"column":0},"end":{"line":579,"column":32}}}},"statementMap":{"1":{"start":{"line":2,"column":0},"end":{"line":2,"column":35}},"2":{"start":{"line":3,"column":0},"end":{"line":3,"column":32}},"3":{"start":{"line":4,"column":0},"end":{"line":4,"column":44}},"4":{"start":{"line":5,"column":0},"end":{"line":5,"column":39}},"5":{"start":{"line":6,"column":0},"end":{"line":6,"column":39}},"6":{"start":{"line":7,"column":0},"end":{"line":7,"column":49}},"7":{"start":{"line":8,"column":0},"end":{"line":8,"column":25}},"8":{"start":{"line":9,"column":0},"end":{"line":9,"column":30}},"9":{"start":{"line":11,"column":0},"end":{"line":13,"column":3}},"10":{"start":{"line":12,"column":2},"end":{"line":12,"column":64}},"11":{"start":{"line":14,"column":0},"end":{"line":22,"column":3}},"12":{"start":{"line":15,"column":2},"end":{"line":21,"column":75}},"13":{"start":{"line":18,"column":6},"end":{"line":18,"column":38}},"14":{"start":{"line":19,"column":6},"end":{"line":19,"column":24}},"15":{"start":{"line":21,"column":20},"end":{"line":21,"column":73}},"16":{"start":{"line":23,"column":0},"end":{"line":28,"column":3}},"17":{"start":{"line":24,"column":2},"end":{"line":27,"column":5}},"18":{"start":{"line":25,"column":4},"end":{"line":26,"column":27}},"19":{"start":{"line":25,"column":13},"end":{"line":25,"column":69}},"20":{"start":{"line":26,"column":9},"end":{"line":26,"column":27}},"21":{"start":{"line":29,"column":0},"end":{"line":56,"column":3}},"22":{"start":{"line":30,"column":2},"end":{"line":30,"column":31}},"23":{"start":{"line":31,"column":2},"end":{"line":31,"column":31}},"24":{"start":{"line":32,"column":2},"end":{"line":55,"column":3}},"25":{"start":{"line":33,"column":4},"end":{"line":52,"column":5}},"26":{"start":{"line":34,"column":6},"end":{"line":49,"column":81}},"27":{"start":{"line":37,"column":10},"end":{"line":39,"column":11}},"28":{"start":{"line":38,"column":12},"end":{"line":38,"column":68}},"29":{"start":{"line":40,"column":10},"end":{"line":47,"column":11}},"30":{"start":{"line":41,"column":12},"end":{"line":41,"column":38}},"31":{"start":{"line":42,"column":12},"end":{"line":46,"column":15}},"32":{"start":{"line":49,"column":24},"end":{"line":49,"column":79}},"33":{"start":{"line":51,"column":6},"end":{"line":51,"column":44}},"34":{"start":{"line":54,"column":4},"end":{"line":54,"column":22}},"35":{"start":{"line":58,"column":0},"end":{"line":67,"column":3}},"36":{"start":{"line":59,"column":2},"end":{"line":66,"column":77}},"37":{"start":{"line":61,"column":22},"end":{"line":65,"column":6}},"38":{"start":{"line":66,"column":20},"end":{"line":66,"column":75}},"39":{"start":{"line":68,"column":0},"end":{"line":70,"column":3}},"40":{"start":{"line":69,"column":2},"end":{"line":69,"column":106}},"41":{"start":{"line":71,"column":0},"end":{"line":73,"column":3}},"42":{"start":{"line":72,"column":2},"end":{"line":72,"column":75}},"43":{"start":{"line":74,"column":0},"end":{"line":76,"column":3}},"44":{"start":{"line":75,"column":2},"end":{"line":75,"column":50}},"45":{"start":{"line":78,"column":0},"end":{"line":87,"column":3}},"46":{"start":{"line":79,"column":2},"end":{"line":86,"column":77}},"47":{"start":{"line":81,"column":22},"end":{"line":85,"column":6}},"48":{"start":{"line":86,"column":20},"end":{"line":86,"column":75}},"49":{"start":{"line":88,"column":0},"end":{"line":90,"column":3}},"50":{"start":{"line":89,"column":2},"end":{"line":89,"column":110}},"51":{"start":{"line":91,"column":0},"end":{"line":93,"column":3}},"52":{"start":{"line":92,"column":2},"end":{"line":92,"column":77}},"53":{"start":{"line":94,"column":0},"end":{"line":96,"column":3}},"54":{"start":{"line":95,"column":2},"end":{"line":95,"column":52}},"55":{"start":{"line":98,"column":0},"end":{"line":107,"column":3}},"56":{"start":{"line":99,"column":2},"end":{"line":106,"column":77}},"57":{"start":{"line":101,"column":22},"end":{"line":105,"column":6}},"58":{"start":{"line":106,"column":20},"end":{"line":106,"column":75}},"59":{"start":{"line":108,"column":0},"end":{"line":110,"column":3}},"60":{"start":{"line":109,"column":2},"end":{"line":109,"column":116}},"61":{"start":{"line":111,"column":0},"end":{"line":113,"column":3}},"62":{"start":{"line":112,"column":2},"end":{"line":112,"column":80}},"63":{"start":{"line":114,"column":0},"end":{"line":116,"column":3}},"64":{"start":{"line":115,"column":2},"end":{"line":115,"column":55}},"65":{"start":{"line":118,"column":0},"end":{"line":127,"column":3}},"66":{"start":{"line":119,"column":2},"end":{"line":126,"column":77}},"67":{"start":{"line":121,"column":22},"end":{"line":125,"column":6}},"68":{"start":{"line":126,"column":20},"end":{"line":126,"column":75}},"69":{"start":{"line":128,"column":0},"end":{"line":130,"column":3}},"70":{"start":{"line":129,"column":2},"end":{"line":129,"column":114}},"71":{"start":{"line":131,"column":0},"end":{"line":133,"column":3}},"72":{"start":{"line":132,"column":2},"end":{"line":132,"column":79}},"73":{"start":{"line":134,"column":0},"end":{"line":136,"column":3}},"74":{"start":{"line":135,"column":2},"end":{"line":135,"column":54}},"75":{"start":{"line":138,"column":0},"end":{"line":147,"column":3}},"76":{"start":{"line":139,"column":2},"end":{"line":146,"column":77}},"77":{"start":{"line":141,"column":22},"end":{"line":145,"column":6}},"78":{"start":{"line":146,"column":20},"end":{"line":146,"column":75}},"79":{"start":{"line":148,"column":0},"end":{"line":150,"column":3}},"80":{"start":{"line":149,"column":2},"end":{"line":149,"column":112}},"81":{"start":{"line":151,"column":0},"end":{"line":153,"column":3}},"82":{"start":{"line":152,"column":2},"end":{"line":152,"column":78}},"83":{"start":{"line":154,"column":0},"end":{"line":156,"column":3}},"84":{"start":{"line":155,"column":2},"end":{"line":155,"column":53}},"85":{"start":{"line":158,"column":0},"end":{"line":185,"column":3}},"86":{"start":{"line":159,"column":2},"end":{"line":184,"column":75}},"87":{"start":{"line":163,"column":6},"end":{"line":163,"column":33}},"88":{"start":{"line":164,"column":6},"end":{"line":164,"column":35}},"89":{"start":{"line":165,"column":6},"end":{"line":167,"column":9}},"90":{"start":{"line":166,"column":8},"end":{"line":166,"column":38}},"91":{"start":{"line":168,"column":6},"end":{"line":182,"column":8}},"92":{"start":{"line":175,"column":12},"end":{"line":175,"column":25}},"93":{"start":{"line":176,"column":12},"end":{"line":178,"column":13}},"94":{"start":{"line":177,"column":14},"end":{"line":177,"column":138}},"95":{"start":{"line":179,"column":12},"end":{"line":179,"column":23}},"96":{"start":{"line":184,"column":18},"end":{"line":184,"column":73}},"97":{"start":{"line":186,"column":0},"end":{"line":188,"column":3}},"98":{"start":{"line":187,"column":4},"end":{"line":187,"column":69}},"99":{"start":{"line":189,"column":0},"end":{"line":191,"column":3}},"100":{"start":{"line":190,"column":2},"end":{"line":190,"column":109}},"101":{"start":{"line":192,"column":0},"end":{"line":194,"column":3}},"102":{"start":{"line":193,"column":2},"end":{"line":193,"column":52}},"103":{"start":{"line":196,"column":0},"end":{"line":212,"column":3}},"104":{"start":{"line":197,"column":2},"end":{"line":211,"column":77}},"105":{"start":{"line":200,"column":6},"end":{"line":200,"column":21}},"106":{"start":{"line":201,"column":6},"end":{"line":201,"column":21}},"107":{"start":{"line":202,"column":6},"end":{"line":204,"column":7}},"108":{"start":{"line":203,"column":8},"end":{"line":203,"column":49}},"109":{"start":{"line":205,"column":6},"end":{"line":209,"column":9}},"110":{"start":{"line":211,"column":20},"end":{"line":211,"column":75}},"111":{"start":{"line":213,"column":0},"end":{"line":218,"column":3}},"112":{"start":{"line":214,"column":2},"end":{"line":217,"column":7}},"113":{"start":{"line":216,"column":6},"end":{"line":216,"column":99}},"114":{"start":{"line":219,"column":0},"end":{"line":226,"column":3}},"115":{"start":{"line":220,"column":2},"end":{"line":225,"column":5}},"116":{"start":{"line":227,"column":0},"end":{"line":229,"column":3}},"117":{"start":{"line":228,"column":2},"end":{"line":228,"column":53}},"118":{"start":{"line":231,"column":0},"end":{"line":279,"column":3}},"119":{"start":{"line":232,"column":2},"end":{"line":278,"column":72}},"120":{"start":{"line":245,"column":4},"end":{"line":245,"column":29}},"121":{"start":{"line":246,"column":4},"end":{"line":246,"column":31}},"122":{"start":{"line":247,"column":4},"end":{"line":247,"column":31}},"123":{"start":{"line":248,"column":4},"end":{"line":248,"column":34}},"124":{"start":{"line":249,"column":4},"end":{"line":259,"column":7}},"125":{"start":{"line":250,"column":6},"end":{"line":252,"column":9}},"126":{"start":{"line":251,"column":8},"end":{"line":251,"column":106}},"127":{"start":{"line":253,"column":6},"end":{"line":255,"column":9}},"128":{"start":{"line":254,"column":8},"end":{"line":254,"column":99}},"129":{"start":{"line":256,"column":6},"end":{"line":258,"column":9}},"130":{"start":{"line":257,"column":8},"end":{"line":257,"column":105}},"131":{"start":{"line":260,"column":4},"end":{"line":260,"column":19}},"132":{"start":{"line":261,"column":4},"end":{"line":261,"column":19}},"133":{"start":{"line":262,"column":4},"end":{"line":264,"column":5}},"134":{"start":{"line":263,"column":6},"end":{"line":263,"column":50}},"135":{"start":{"line":265,"column":4},"end":{"line":276,"column":7}},"136":{"start":{"line":278,"column":16},"end":{"line":278,"column":71}},"137":{"start":{"line":280,"column":0},"end":{"line":314,"column":3}},"138":{"start":{"line":281,"column":2},"end":{"line":301,"column":75}},"139":{"start":{"line":283,"column":6},"end":{"line":290,"column":10}},"140":{"start":{"line":293,"column":6},"end":{"line":293,"column":27}},"141":{"start":{"line":294,"column":6},"end":{"line":298,"column":8}},"142":{"start":{"line":300,"column":20},"end":{"line":300,"column":48}},"143":{"start":{"line":301,"column":18},"end":{"line":301,"column":73}},"144":{"start":{"line":303,"column":2},"end":{"line":313,"column":3}},"145":{"start":{"line":304,"column":4},"end":{"line":304,"column":22}},"146":{"start":{"line":305,"column":4},"end":{"line":311,"column":5}},"147":{"start":{"line":306,"column":6},"end":{"line":308,"column":9}},"148":{"start":{"line":307,"column":8},"end":{"line":307,"column":62}},"149":{"start":{"line":310,"column":6},"end":{"line":310,"column":61}},"150":{"start":{"line":312,"column":4},"end":{"line":312,"column":20}},"151":{"start":{"line":315,"column":0},"end":{"line":341,"column":3}},"152":{"start":{"line":316,"column":2},"end":{"line":340,"column":3}},"153":{"start":{"line":317,"column":4},"end":{"line":325,"column":69}},"154":{"start":{"line":325,"column":22},"end":{"line":325,"column":67}},"155":{"start":{"line":327,"column":4},"end":{"line":339,"column":77}},"156":{"start":{"line":329,"column":8},"end":{"line":337,"column":73}},"157":{"start":{"line":337,"column":26},"end":{"line":337,"column":71}},"158":{"start":{"line":339,"column":20},"end":{"line":339,"column":75}},"159":{"start":{"line":342,"column":0},"end":{"line":344,"column":3}},"160":{"start":{"line":343,"column":2},"end":{"line":343,"column":50}},"161":{"start":{"line":345,"column":0},"end":{"line":403,"column":3}},"162":{"start":{"line":346,"column":2},"end":{"line":402,"column":4}},"163":{"start":{"line":359,"column":4},"end":{"line":359,"column":29}},"164":{"start":{"line":360,"column":4},"end":{"line":360,"column":31}},"165":{"start":{"line":361,"column":4},"end":{"line":361,"column":31}},"166":{"start":{"line":362,"column":4},"end":{"line":362,"column":34}},"167":{"start":{"line":363,"column":4},"end":{"line":373,"column":7}},"168":{"start":{"line":364,"column":6},"end":{"line":366,"column":9}},"169":{"start":{"line":365,"column":8},"end":{"line":365,"column":106}},"170":{"start":{"line":367,"column":6},"end":{"line":369,"column":9}},"171":{"start":{"line":368,"column":8},"end":{"line":368,"column":99}},"172":{"start":{"line":370,"column":6},"end":{"line":372,"column":9}},"173":{"start":{"line":371,"column":8},"end":{"line":371,"column":105}},"174":{"start":{"line":374,"column":4},"end":{"line":401,"column":7}},"175":{"start":{"line":384,"column":38},"end":{"line":384,"column":88}},"176":{"start":{"line":387,"column":10},"end":{"line":387,"column":23}},"177":{"start":{"line":388,"column":10},"end":{"line":390,"column":11}},"178":{"start":{"line":389,"column":12},"end":{"line":389,"column":151}},"179":{"start":{"line":391,"column":10},"end":{"line":391,"column":21}},"180":{"start":{"line":394,"column":10},"end":{"line":394,"column":23}},"181":{"start":{"line":395,"column":10},"end":{"line":397,"column":11}},"182":{"start":{"line":396,"column":12},"end":{"line":396,"column":74}},"183":{"start":{"line":398,"column":10},"end":{"line":398,"column":21}},"184":{"start":{"line":405,"column":0},"end":{"line":433,"column":3}},"185":{"start":{"line":406,"column":2},"end":{"line":432,"column":75}},"186":{"start":{"line":410,"column":6},"end":{"line":413,"column":11}},"187":{"start":{"line":412,"column":10},"end":{"line":412,"column":60}},"188":{"start":{"line":414,"column":6},"end":{"line":414,"column":56}},"189":{"start":{"line":414,"column":24},"end":{"line":414,"column":54}},"190":{"start":{"line":415,"column":6},"end":{"line":430,"column":9}},"191":{"start":{"line":423,"column":12},"end":{"line":423,"column":25}},"192":{"start":{"line":424,"column":12},"end":{"line":426,"column":13}},"193":{"start":{"line":425,"column":14},"end":{"line":425,"column":119}},"194":{"start":{"line":427,"column":12},"end":{"line":427,"column":23}},"195":{"start":{"line":432,"column":18},"end":{"line":432,"column":73}},"196":{"start":{"line":434,"column":0},"end":{"line":441,"column":3}},"197":{"start":{"line":435,"column":2},"end":{"line":439,"column":7}},"198":{"start":{"line":440,"column":2},"end":{"line":440,"column":57}},"199":{"start":{"line":442,"column":0},"end":{"line":451,"column":3}},"200":{"start":{"line":443,"column":2},"end":{"line":449,"column":5}},"201":{"start":{"line":450,"column":2},"end":{"line":450,"column":60}},"202":{"start":{"line":452,"column":0},"end":{"line":459,"column":3}},"203":{"start":{"line":453,"column":2},"end":{"line":457,"column":7}},"204":{"start":{"line":458,"column":2},"end":{"line":458,"column":60}},"205":{"start":{"line":461,"column":0},"end":{"line":489,"column":3}},"206":{"start":{"line":462,"column":2},"end":{"line":488,"column":75}},"207":{"start":{"line":466,"column":6},"end":{"line":469,"column":11}},"208":{"start":{"line":468,"column":10},"end":{"line":468,"column":60}},"209":{"start":{"line":470,"column":6},"end":{"line":470,"column":58}},"210":{"start":{"line":470,"column":24},"end":{"line":470,"column":56}},"211":{"start":{"line":471,"column":6},"end":{"line":486,"column":9}},"212":{"start":{"line":479,"column":12},"end":{"line":479,"column":25}},"213":{"start":{"line":480,"column":12},"end":{"line":482,"column":13}},"214":{"start":{"line":481,"column":14},"end":{"line":481,"column":117}},"215":{"start":{"line":483,"column":12},"end":{"line":483,"column":23}},"216":{"start":{"line":488,"column":18},"end":{"line":488,"column":73}},"217":{"start":{"line":490,"column":0},"end":{"line":497,"column":3}},"218":{"start":{"line":491,"column":2},"end":{"line":495,"column":7}},"219":{"start":{"line":496,"column":2},"end":{"line":496,"column":58}},"220":{"start":{"line":498,"column":0},"end":{"line":507,"column":3}},"221":{"start":{"line":499,"column":2},"end":{"line":505,"column":5}},"222":{"start":{"line":506,"column":2},"end":{"line":506,"column":61}},"223":{"start":{"line":508,"column":0},"end":{"line":515,"column":3}},"224":{"start":{"line":509,"column":2},"end":{"line":513,"column":7}},"225":{"start":{"line":514,"column":2},"end":{"line":514,"column":61}},"226":{"start":{"line":517,"column":0},"end":{"line":545,"column":3}},"227":{"start":{"line":518,"column":2},"end":{"line":544,"column":75}},"228":{"start":{"line":522,"column":6},"end":{"line":525,"column":11}},"229":{"start":{"line":524,"column":10},"end":{"line":524,"column":60}},"230":{"start":{"line":526,"column":6},"end":{"line":526,"column":56}},"231":{"start":{"line":526,"column":24},"end":{"line":526,"column":54}},"232":{"start":{"line":527,"column":6},"end":{"line":542,"column":9}},"233":{"start":{"line":535,"column":12},"end":{"line":535,"column":25}},"234":{"start":{"line":536,"column":12},"end":{"line":538,"column":13}},"235":{"start":{"line":537,"column":14},"end":{"line":537,"column":115}},"236":{"start":{"line":539,"column":12},"end":{"line":539,"column":23}},"237":{"start":{"line":544,"column":18},"end":{"line":544,"column":73}},"238":{"start":{"line":546,"column":0},"end":{"line":553,"column":3}},"239":{"start":{"line":547,"column":2},"end":{"line":551,"column":7}},"240":{"start":{"line":552,"column":2},"end":{"line":552,"column":58}},"241":{"start":{"line":554,"column":0},"end":{"line":563,"column":3}},"242":{"start":{"line":555,"column":2},"end":{"line":561,"column":5}},"243":{"start":{"line":562,"column":2},"end":{"line":562,"column":60}},"244":{"start":{"line":564,"column":0},"end":{"line":571,"column":3}},"245":{"start":{"line":565,"column":2},"end":{"line":569,"column":7}},"246":{"start":{"line":570,"column":2},"end":{"line":570,"column":60}},"247":{"start":{"line":573,"column":0},"end":{"line":577,"column":1}},"248":{"start":{"line":574,"column":2},"end":{"line":576,"column":75}},"249":{"start":{"line":575,"column":16},"end":{"line":575,"column":52}},"250":{"start":{"line":576,"column":18},"end":{"line":576,"column":73}},"251":{"start":{"line":579,"column":0},"end":{"line":597,"column":1}},"252":{"start":{"line":580,"column":2},"end":{"line":580,"column":16}},"253":{"start":{"line":581,"column":2},"end":{"line":581,"column":34}},"254":{"start":{"line":582,"column":2},"end":{"line":582,"column":28}},"255":{"start":{"line":583,"column":2},"end":{"line":596,"column":5}},"256":{"start":{"line":584,"column":4},"end":{"line":584,"column":36}},"257":{"start":{"line":585,"column":4},"end":{"line":585,"column":26}},"258":{"start":{"line":586,"column":4},"end":{"line":586,"column":27}},"259":{"start":{"line":587,"column":4},"end":{"line":587,"column":49}},"260":{"start":{"line":587,"column":29},"end":{"line":587,"column":49}},"261":{"start":{"line":588,"column":4},"end":{"line":593,"column":7}},"262":{"start":{"line":589,"column":6},"end":{"line":592,"column":9}},"263":{"start":{"line":590,"column":8},"end":{"line":591,"column":40}},"264":{"start":{"line":590,"column":17},"end":{"line":590,"column":29}},"265":{"start":{"line":591,"column":13},"end":{"line":591,"column":40}},"266":{"start":{"line":594,"column":9},"end":{"line":596,"column":5}},"267":{"start":{"line":595,"column":6},"end":{"line":595,"column":39}},"268":{"start":{"line":599,"column":0},"end":{"line":599,"column":24}}},"branchMap":{"1":{"line":12,"type":"cond-expr","locations":[{"start":{"line":12,"column":49},"end":{"line":12,"column":53}},{"start":{"line":12,"column":56},"end":{"line":12,"column":61}}]},"2":{"line":25,"type":"if","locations":[{"start":{"line":25,"column":4},"end":{"line":25,"column":4}},{"start":{"line":25,"column":4},"end":{"line":25,"column":4}}]},"3":{"line":32,"type":"if","locations":[{"start":{"line":32,"column":2},"end":{"line":32,"column":2}},{"start":{"line":32,"column":2},"end":{"line":32,"column":2}}]},"4":{"line":32,"type":"binary-expr","locations":[{"start":{"line":32,"column":6},"end":{"line":32,"column":11}},{"start":{"line":32,"column":15},"end":{"line":32,"column":33}},{"start":{"line":32,"column":37},"end":{"line":32,"column":52}}]},"5":{"line":33,"type":"if","locations":[{"start":{"line":33,"column":4},"end":{"line":33,"column":4}},{"start":{"line":33,"column":4},"end":{"line":33,"column":4}}]},"6":{"line":37,"type":"if","locations":[{"start":{"line":37,"column":10},"end":{"line":37,"column":10}},{"start":{"line":37,"column":10},"end":{"line":37,"column":10}}]},"7":{"line":40,"type":"if","locations":[{"start":{"line":40,"column":10},"end":{"line":40,"column":10}},{"start":{"line":40,"column":10},"end":{"line":40,"column":10}}]},"8":{"line":45,"type":"cond-expr","locations":[{"start":{"line":45,"column":40},"end":{"line":45,"column":44}},{"start":{"line":45,"column":47},"end":{"line":45,"column":52}}]},"9":{"line":64,"type":"cond-expr","locations":[{"start":{"line":64,"column":32},"end":{"line":64,"column":36}},{"start":{"line":64,"column":39},"end":{"line":64,"column":44}}]},"10":{"line":69,"type":"cond-expr","locations":[{"start":{"line":69,"column":24},"end":{"line":69,"column":68}},{"start":{"line":69,"column":71},"end":{"line":69,"column":105}}]},"11":{"line":84,"type":"cond-expr","locations":[{"start":{"line":84,"column":32},"end":{"line":84,"column":36}},{"start":{"line":84,"column":39},"end":{"line":84,"column":44}}]},"12":{"line":89,"type":"cond-expr","locations":[{"start":{"line":89,"column":24},"end":{"line":89,"column":70}},{"start":{"line":89,"column":73},"end":{"line":89,"column":109}}]},"13":{"line":104,"type":"cond-expr","locations":[{"start":{"line":104,"column":32},"end":{"line":104,"column":36}},{"start":{"line":104,"column":39},"end":{"line":104,"column":44}}]},"14":{"line":109,"type":"cond-expr","locations":[{"start":{"line":109,"column":24},"end":{"line":109,"column":73}},{"start":{"line":109,"column":76},"end":{"line":109,"column":115}}]},"15":{"line":124,"type":"cond-expr","locations":[{"start":{"line":124,"column":32},"end":{"line":124,"column":36}},{"start":{"line":124,"column":39},"end":{"line":124,"column":44}}]},"16":{"line":129,"type":"cond-expr","locations":[{"start":{"line":129,"column":24},"end":{"line":129,"column":72}},{"start":{"line":129,"column":75},"end":{"line":129,"column":113}}]},"17":{"line":144,"type":"cond-expr","locations":[{"start":{"line":144,"column":32},"end":{"line":144,"column":36}},{"start":{"line":144,"column":39},"end":{"line":144,"column":44}}]},"18":{"line":149,"type":"cond-expr","locations":[{"start":{"line":149,"column":24},"end":{"line":149,"column":71}},{"start":{"line":149,"column":74},"end":{"line":149,"column":111}}]},"19":{"line":172,"type":"cond-expr","locations":[{"start":{"line":172,"column":34},"end":{"line":172,"column":38}},{"start":{"line":172,"column":41},"end":{"line":172,"column":46}}]},"20":{"line":208,"type":"cond-expr","locations":[{"start":{"line":208,"column":34},"end":{"line":208,"column":38}},{"start":{"line":208,"column":41},"end":{"line":208,"column":46}}]},"21":{"line":251,"type":"cond-expr","locations":[{"start":{"line":251,"column":48},"end":{"line":251,"column":101}},{"start":{"line":251,"column":104},"end":{"line":251,"column":105}}]},"22":{"line":254,"type":"cond-expr","locations":[{"start":{"line":254,"column":48},"end":{"line":254,"column":94}},{"start":{"line":254,"column":97},"end":{"line":254,"column":98}}]},"23":{"line":257,"type":"cond-expr","locations":[{"start":{"line":257,"column":49},"end":{"line":257,"column":100}},{"start":{"line":257,"column":103},"end":{"line":257,"column":104}}]},"24":{"line":275,"type":"cond-expr","locations":[{"start":{"line":275,"column":32},"end":{"line":275,"column":36}},{"start":{"line":275,"column":39},"end":{"line":275,"column":44}}]},"25":{"line":305,"type":"if","locations":[{"start":{"line":305,"column":4},"end":{"line":305,"column":4}},{"start":{"line":305,"column":4},"end":{"line":305,"column":4}}]},"26":{"line":316,"type":"if","locations":[{"start":{"line":316,"column":2},"end":{"line":316,"column":2}},{"start":{"line":316,"column":2},"end":{"line":316,"column":2}}]},"27":{"line":365,"type":"cond-expr","locations":[{"start":{"line":365,"column":48},"end":{"line":365,"column":101}},{"start":{"line":365,"column":104},"end":{"line":365,"column":105}}]},"28":{"line":368,"type":"cond-expr","locations":[{"start":{"line":368,"column":48},"end":{"line":368,"column":94}},{"start":{"line":368,"column":97},"end":{"line":368,"column":98}}]},"29":{"line":371,"type":"cond-expr","locations":[{"start":{"line":371,"column":49},"end":{"line":371,"column":100}},{"start":{"line":371,"column":103},"end":{"line":371,"column":104}}]},"30":{"line":383,"type":"cond-expr","locations":[{"start":{"line":383,"column":32},"end":{"line":383,"column":36}},{"start":{"line":383,"column":39},"end":{"line":383,"column":44}}]},"31":{"line":384,"type":"cond-expr","locations":[{"start":{"line":384,"column":80},"end":{"line":384,"column":84}},{"start":{"line":384,"column":87},"end":{"line":384,"column":88}}]},"32":{"line":412,"type":"cond-expr","locations":[{"start":{"line":412,"column":52},"end":{"line":412,"column":56}},{"start":{"line":412,"column":59},"end":{"line":412,"column":60}}]},"33":{"line":420,"type":"cond-expr","locations":[{"start":{"line":420,"column":34},"end":{"line":420,"column":38}},{"start":{"line":420,"column":41},"end":{"line":420,"column":46}}]},"34":{"line":468,"type":"cond-expr","locations":[{"start":{"line":468,"column":52},"end":{"line":468,"column":56}},{"start":{"line":468,"column":59},"end":{"line":468,"column":60}}]},"35":{"line":476,"type":"cond-expr","locations":[{"start":{"line":476,"column":34},"end":{"line":476,"column":38}},{"start":{"line":476,"column":41},"end":{"line":476,"column":46}}]},"36":{"line":524,"type":"cond-expr","locations":[{"start":{"line":524,"column":52},"end":{"line":524,"column":56}},{"start":{"line":524,"column":59},"end":{"line":524,"column":60}}]},"37":{"line":532,"type":"cond-expr","locations":[{"start":{"line":532,"column":34},"end":{"line":532,"column":38}},{"start":{"line":532,"column":41},"end":{"line":532,"column":46}}]},"38":{"line":583,"type":"if","locations":[{"start":{"line":583,"column":2},"end":{"line":583,"column":2}},{"start":{"line":583,"column":2},"end":{"line":583,"column":2}}]},"39":{"line":587,"type":"if","locations":[{"start":{"line":587,"column":4},"end":{"line":587,"column":4}},{"start":{"line":587,"column":4},"end":{"line":587,"column":4}}]},"40":{"line":590,"type":"if","locations":[{"start":{"line":590,"column":8},"end":{"line":590,"column":8}},{"start":{"line":590,"column":8},"end":{"line":590,"column":8}}]}}},"/home/bogus/Node_Projects/Library/controller.js":{"path":"/home/bogus/Node_Projects/Library/controller.js","s":{"1":1,"2":1,"3":1,"4":1,"5":1,"6":0,"7":0,"8":0,"9":0,"10":0,"11":0,"12":0,"13":0,"14":0,"15":0,"16":0,"17":0,"18":0,"19":0,"20":0,"21":0,"22":0,"23":0,"24":0,"25":0,"26":0,"27":0,"28":0,"29":0,"30":0,"31":0,"32":0,"33":0,"34":0,"35":0,"36":0,"37":0,"38":0,"39":0,"40":1},"b":{},"f":{"1":0,"2":0,"3":0,"4":0,"5":0,"6":0,"7":0,"8":0,"9":0,"10":0,"11":0,"12":0,"13":0,"14":0,"15":0,"16":0,"17":0,"18":0,"19":0,"20":0,"21":0,"22":0,"23":0,"24":0,"25":0,"26":0,"27":0,"28":0,"29":0,"30":0,"31":0,"32":0,"33":0,"34":0},"fnMap":{"1":{"name":"(anonymous_1)","line":13,"loc":{"start":{"line":13,"column":13},"end":{"line":13,"column":25}}},"2":{"name":"(anonymous_2)","line":17,"loc":{"start":{"line":17,"column":12},"end":{"line":17,"column":24}}},"3":{"name":"(anonymous_3)","line":21,"loc":{"start":{"line":21,"column":9},"end":{"line":21,"column":26}}},"4":{"name":"(anonymous_4)","line":30,"loc":{"start":{"line":30,"column":12},"end":{"line":30,"column":29}}},"5":{"name":"(anonymous_5)","line":40,"loc":{"start":{"line":40,"column":12},"end":{"line":40,"column":29}}},"6":{"name":"(anonymous_6)","line":50,"loc":{"start":{"line":50,"column":12},"end":{"line":50,"column":24}}},"7":{"name":"(anonymous_7)","line":54,"loc":{"start":{"line":54,"column":15},"end":{"line":54,"column":32}}},"8":{"name":"(anonymous_8)","line":62,"loc":{"start":{"line":62,"column":9},"end":{"line":62,"column":26}}},"9":{"name":"(anonymous_9)","line":73,"loc":{"start":{"line":73,"column":12},"end":{"line":73,"column":29}}},"10":{"name":"(anonymous_10)","line":84,"loc":{"start":{"line":84,"column":12},"end":{"line":84,"column":29}}},"11":{"name":"(anonymous_11)","line":94,"loc":{"start":{"line":94,"column":13},"end":{"line":94,"column":25}}},"12":{"name":"(anonymous_12)","line":98,"loc":{"start":{"line":98,"column":13},"end":{"line":98,"column":30}}},"13":{"name":"(anonymous_13)","line":106,"loc":{"start":{"line":106,"column":15},"end":{"line":106,"column":32}}},"14":{"name":"(anonymous_14)","line":114,"loc":{"start":{"line":114,"column":12},"end":{"line":114,"column":24}}},"15":{"name":"(anonymous_15)","line":118,"loc":{"start":{"line":118,"column":16},"end":{"line":118,"column":28}}},"16":{"name":"(anonymous_16)","line":122,"loc":{"start":{"line":122,"column":18},"end":{"line":122,"column":30}}},"17":{"name":"(anonymous_17)","line":126,"loc":{"start":{"line":126,"column":16},"end":{"line":126,"column":28}}},"18":{"name":"(anonymous_18)","line":130,"loc":{"start":{"line":130,"column":16},"end":{"line":130,"column":28}}},"19":{"name":"(anonymous_19)","line":134,"loc":{"start":{"line":134,"column":9},"end":{"line":134,"column":26}}},"20":{"name":"(anonymous_20)","line":148,"loc":{"start":{"line":148,"column":12},"end":{"line":148,"column":29}}},"21":{"name":"(anonymous_21)","line":162,"loc":{"start":{"line":162,"column":12},"end":{"line":162,"column":29}}},"22":{"name":"(anonymous_22)","line":172,"loc":{"start":{"line":172,"column":12},"end":{"line":172,"column":24}}},"23":{"name":"(anonymous_23)","line":176,"loc":{"start":{"line":176,"column":9},"end":{"line":176,"column":26}}},"24":{"name":"(anonymous_24)","line":185,"loc":{"start":{"line":185,"column":12},"end":{"line":185,"column":29}}},"25":{"name":"(anonymous_25)","line":196,"loc":{"start":{"line":196,"column":12},"end":{"line":196,"column":29}}},"26":{"name":"(anonymous_26)","line":207,"loc":{"start":{"line":207,"column":12},"end":{"line":207,"column":24}}},"27":{"name":"(anonymous_27)","line":211,"loc":{"start":{"line":211,"column":9},"end":{"line":211,"column":26}}},"28":{"name":"(anonymous_28)","line":220,"loc":{"start":{"line":220,"column":12},"end":{"line":220,"column":29}}},"29":{"name":"(anonymous_29)","line":231,"loc":{"start":{"line":231,"column":12},"end":{"line":231,"column":29}}},"30":{"name":"(anonymous_30)","line":242,"loc":{"start":{"line":242,"column":12},"end":{"line":242,"column":24}}},"31":{"name":"(anonymous_31)","line":246,"loc":{"start":{"line":246,"column":9},"end":{"line":246,"column":26}}},"32":{"name":"(anonymous_32)","line":255,"loc":{"start":{"line":255,"column":12},"end":{"line":255,"column":29}}},"33":{"name":"(anonymous_33)","line":266,"loc":{"start":{"line":266,"column":12},"end":{"line":266,"column":29}}},"34":{"name":"(anonymous_34)","line":277,"loc":{"start":{"line":277,"column":9},"end":{"line":277,"column":26}}}},"statementMap":{"1":{"start":{"line":1,"column":0},"end":{"line":1,"column":31}},"2":{"start":{"line":2,"column":0},"end":{"line":2,"column":39}},"3":{"start":{"line":3,"column":0},"end":{"line":3,"column":38}},"4":{"start":{"line":4,"column":0},"end":{"line":4,"column":43}},"5":{"start":{"line":6,"column":0},"end":{"line":287,"column":2}},"6":{"start":{"line":14,"column":6},"end":{"line":15,"column":79}},"7":{"start":{"line":18,"column":6},"end":{"line":19,"column":189}},"8":{"start":{"line":22,"column":6},"end":{"line":28,"column":11}},"9":{"start":{"line":31,"column":6},"end":{"line":38,"column":11}},"10":{"start":{"line":41,"column":6},"end":{"line":46,"column":11}},"11":{"start":{"line":51,"column":6},"end":{"line":52,"column":41}},"12":{"start":{"line":55,"column":6},"end":{"line":60,"column":11}},"13":{"start":{"line":63,"column":6},"end":{"line":71,"column":11}},"14":{"start":{"line":74,"column":6},"end":{"line":82,"column":11}},"15":{"start":{"line":85,"column":6},"end":{"line":90,"column":11}},"16":{"start":{"line":95,"column":6},"end":{"line":96,"column":55}},"17":{"start":{"line":99,"column":6},"end":{"line":104,"column":11}},"18":{"start":{"line":107,"column":6},"end":{"line":112,"column":11}},"19":{"start":{"line":115,"column":6},"end":{"line":116,"column":246}},"20":{"start":{"line":119,"column":6},"end":{"line":120,"column":199}},"21":{"start":{"line":123,"column":6},"end":{"line":124,"column":206}},"22":{"start":{"line":127,"column":6},"end":{"line":128,"column":202}},"23":{"start":{"line":131,"column":6},"end":{"line":132,"column":461}},"24":{"start":{"line":135,"column":6},"end":{"line":146,"column":11}},"25":{"start":{"line":149,"column":6},"end":{"line":160,"column":11}},"26":{"start":{"line":163,"column":6},"end":{"line":168,"column":11}},"27":{"start":{"line":173,"column":6},"end":{"line":174,"column":165}},"28":{"start":{"line":177,"column":6},"end":{"line":183,"column":11}},"29":{"start":{"line":186,"column":6},"end":{"line":194,"column":11}},"30":{"start":{"line":197,"column":6},"end":{"line":203,"column":11}},"31":{"start":{"line":208,"column":6},"end":{"line":209,"column":161}},"32":{"start":{"line":212,"column":6},"end":{"line":218,"column":11}},"33":{"start":{"line":221,"column":6},"end":{"line":229,"column":11}},"34":{"start":{"line":232,"column":6},"end":{"line":238,"column":11}},"35":{"start":{"line":243,"column":6},"end":{"line":244,"column":166}},"36":{"start":{"line":247,"column":6},"end":{"line":253,"column":9}},"37":{"start":{"line":256,"column":6},"end":{"line":264,"column":11}},"38":{"start":{"line":267,"column":6},"end":{"line":273,"column":11}},"39":{"start":{"line":278,"column":6},"end":{"line":284,"column":11}},"40":{"start":{"line":289,"column":0},"end":{"line":289,"column":29}}},"branchMap":{}}}