TN:
SF:/home/bogus/Node_Projects/Library/CRUD.js
FN:4,CRUD
FN:9,(anonymous_2)
FN:12,(anonymous_3)
FN:15,(anonymous_4)
FN:18,(anonymous_5)
FNF:5
FNH:1
FNDA:6,CRUD
FNDA:0,(anonymous_2)
FNDA:0,(anonymous_3)
FNDA:0,(anonymous_4)
FNDA:0,(anonymous_5)
DA:1,1
DA:2,1
DA:3,1
DA:4,1
DA:5,6
DA:6,6
DA:7,6
DA:9,1
DA:10,0
DA:12,1
DA:13,0
DA:15,1
DA:16,0
DA:18,1
DA:19,0
DA:21,1
LF:16
LH:12
BRF:0
BRH:0
end_of_record
TN:
SF:/home/bogus/Node_Projects/Library/config.js
FNF:0
FNH:0
DA:1,1
LF:1
LH:1
BRF:0
BRH:0
end_of_record
TN:
SF:/home/bogus/Node_Projects/Library/app.js
FN:35,(anonymous_1)
FN:42,(anonymous_2)
FNF:2
FNH:0
FNDA:0,(anonymous_1)
FNDA:0,(anonymous_2)
DA:1,1
DA:2,1
DA:3,1
DA:4,1
DA:5,1
DA:6,1
DA:7,1
DA:8,1
DA:9,1
DA:10,1
DA:12,1
DA:15,1
DA:16,1
DA:17,1
DA:20,1
DA:21,1
DA:22,1
DA:23,1
DA:24,1
DA:25,1
DA:31,1
DA:32,1
DA:35,1
DA:36,0
DA:37,0
DA:38,0
DA:42,1
DA:44,0
DA:45,0
DA:48,0
DA:49,0
DA:52,1
LF:32
LH:25
BRDA:45,1,0,0
BRDA:45,1,1,0
BRDA:48,2,0,0
BRDA:48,2,1,0
BRF:4
BRH:0
end_of_record
TN:
SF:/home/bogus/Node_Projects/Library/routes/index.js
FN:174,(anonymous_1)
FN:303,promise
FN:384,(anonymous_3)
FN:386,(anonymous_4)
FN:393,(anonymous_5)
FN:411,(anonymous_6)
FN:422,(anonymous_7)
FN:467,(anonymous_8)
FN:478,(anonymous_9)
FN:523,(anonymous_10)
FN:534,(anonymous_11)
FN:573,execute
FN:579,uploadImage
FNF:13
FNH:0
FNDA:0,(anonymous_1)
FNDA:0,promise
FNDA:0,(anonymous_3)
FNDA:0,(anonymous_4)
FNDA:0,(anonymous_5)
FNDA:0,(anonymous_6)
FNDA:0,(anonymous_7)
FNDA:0,(anonymous_8)
FNDA:0,(anonymous_9)
FNDA:0,(anonymous_10)
FNDA:0,(anonymous_11)
FNDA:0,execute
FNDA:0,uploadImage
DA:2,1
DA:3,1
DA:4,1
DA:5,1
DA:6,1
DA:7,1
DA:8,1
DA:9,1
DA:11,1
DA:12,0
DA:14,1
DA:15,0
DA:18,0
DA:19,0
DA:21,0
DA:23,1
DA:24,0
DA:25,0
DA:26,0
DA:29,1
DA:30,0
DA:31,0
DA:32,0
DA:33,0
DA:34,0
DA:37,0
DA:38,0
DA:40,0
DA:41,0
DA:42,0
DA:49,0
DA:51,0
DA:54,0
DA:58,1
DA:59,0
DA:61,0
DA:66,0
DA:68,1
DA:69,0
DA:71,1
DA:72,0
DA:74,1
DA:75,0
DA:78,1
DA:79,0
DA:81,0
DA:86,0
DA:88,1
DA:89,0
DA:91,1
DA:92,0
DA:94,1
DA:95,0
DA:98,1
DA:99,0
DA:101,0
DA:106,0
DA:108,1
DA:109,0
DA:111,1
DA:112,0
DA:114,1
DA:115,0
DA:118,1
DA:119,0
DA:121,0
DA:126,0
DA:128,1
DA:129,0
DA:131,1
DA:132,0
DA:134,1
DA:135,0
DA:138,1
DA:139,0
DA:141,0
DA:146,0
DA:148,1
DA:149,0
DA:151,1
DA:152,0
DA:154,1
DA:155,0
DA:158,1
DA:159,0
DA:163,0
DA:164,0
DA:165,0
DA:166,0
DA:168,0
DA:175,0
DA:176,0
DA:177,0
DA:179,0
DA:184,0
DA:186,1
DA:187,0
DA:189,1
DA:190,0
DA:192,1
DA:193,0
DA:196,1
DA:197,0
DA:200,0
DA:201,0
DA:202,0
DA:203,0
DA:205,0
DA:211,0
DA:213,1
DA:214,0
DA:216,0
DA:219,1
DA:220,0
DA:227,1
DA:228,0
DA:231,1
DA:232,0
DA:245,0
DA:246,0
DA:247,0
DA:248,0
DA:249,0
DA:250,0
DA:251,0
DA:253,0
DA:254,0
DA:256,0
DA:257,0
DA:260,0
DA:261,0
DA:262,0
DA:263,0
DA:265,0
DA:278,0
DA:280,1
DA:281,0
DA:283,0
DA:293,0
DA:294,0
DA:300,0
DA:301,0
DA:303,1
DA:304,0
DA:305,0
DA:306,0
DA:307,0
DA:310,0
DA:312,0
DA:315,1
DA:316,0
DA:317,0
DA:325,0
DA:327,0
DA:329,0
DA:337,0
DA:339,0
DA:342,1
DA:343,0
DA:345,1
DA:346,0
DA:359,0
DA:360,0
DA:361,0
DA:362,0
DA:363,0
DA:364,0
DA:365,0
DA:367,0
DA:368,0
DA:370,0
DA:371,0
DA:374,0
DA:384,0
DA:387,0
DA:388,0
DA:389,0
DA:391,0
DA:394,0
DA:395,0
DA:396,0
DA:398,0
DA:405,1
DA:406,0
DA:410,0
DA:412,0
DA:414,0
DA:415,0
DA:423,0
DA:424,0
DA:425,0
DA:427,0
DA:432,0
DA:434,1
DA:435,0
DA:440,0
DA:442,1
DA:443,0
DA:450,0
DA:452,1
DA:453,0
DA:458,0
DA:461,1
DA:462,0
DA:466,0
DA:468,0
DA:470,0
DA:471,0
DA:479,0
DA:480,0
DA:481,0
DA:483,0
DA:488,0
DA:490,1
DA:491,0
DA:496,0
DA:498,1
DA:499,0
DA:506,0
DA:508,1
DA:509,0
DA:514,0
DA:517,1
DA:518,0
DA:522,0
DA:524,0
DA:526,0
DA:527,0
DA:535,0
DA:536,0
DA:537,0
DA:539,0
DA:544,0
DA:546,1
DA:547,0
DA:552,0
DA:554,1
DA:555,0
DA:562,0
DA:564,1
DA:565,0
DA:570,0
DA:573,1
DA:574,0
DA:575,0
DA:576,0
DA:579,1
DA:580,0
DA:581,0
DA:582,0
DA:583,0
DA:584,0
DA:585,0
DA:586,0
DA:587,0
DA:588,0
DA:589,0
DA:590,0
DA:591,0
DA:594,0
DA:595,0
DA:599,1
LF:262
LH:61
BRDA:12,1,0,0
BRDA:12,1,1,0
BRDA:25,2,0,0
BRDA:25,2,1,0
BRDA:32,3,0,0
BRDA:32,3,1,0
BRDA:32,4,0,0
BRDA:32,4,1,0
BRDA:32,4,2,0
BRDA:33,5,0,0
BRDA:33,5,1,0
BRDA:37,6,0,0
BRDA:37,6,1,0
BRDA:40,7,0,0
BRDA:40,7,1,0
BRDA:45,8,0,0
BRDA:45,8,1,0
BRDA:64,9,0,0
BRDA:64,9,1,0
BRDA:69,10,0,0
BRDA:69,10,1,0
BRDA:84,11,0,0
BRDA:84,11,1,0
BRDA:89,12,0,0
BRDA:89,12,1,0
BRDA:104,13,0,0
BRDA:104,13,1,0
BRDA:109,14,0,0
BRDA:109,14,1,0
BRDA:124,15,0,0
BRDA:124,15,1,0
BRDA:129,16,0,0
BRDA:129,16,1,0
BRDA:144,17,0,0
BRDA:144,17,1,0
BRDA:149,18,0,0
BRDA:149,18,1,0
BRDA:172,19,0,0
BRDA:172,19,1,0
BRDA:208,20,0,0
BRDA:208,20,1,0
BRDA:251,21,0,0
BRDA:251,21,1,0
BRDA:254,22,0,0
BRDA:254,22,1,0
BRDA:257,23,0,0
BRDA:257,23,1,0
BRDA:275,24,0,0
BRDA:275,24,1,0
BRDA:305,25,0,0
BRDA:305,25,1,0
BRDA:316,26,0,0
BRDA:316,26,1,0
BRDA:365,27,0,0
BRDA:365,27,1,0
BRDA:368,28,0,0
BRDA:368,28,1,0
BRDA:371,29,0,0
BRDA:371,29,1,0
BRDA:383,30,0,0
BRDA:383,30,1,0
BRDA:384,31,0,0
BRDA:384,31,1,0
BRDA:412,32,0,0
BRDA:412,32,1,0
BRDA:420,33,0,0
BRDA:420,33,1,0
BRDA:468,34,0,0
BRDA:468,34,1,0
BRDA:476,35,0,0
BRDA:476,35,1,0
BRDA:524,36,0,0
BRDA:524,36,1,0
BRDA:532,37,0,0
BRDA:532,37,1,0
BRDA:583,38,0,0
BRDA:583,38,1,0
BRDA:587,39,0,0
BRDA:587,39,1,0
BRDA:590,40,0,0
BRDA:590,40,1,0
BRF:81
BRH:0
end_of_record
TN:
SF:/home/bogus/Node_Projects/Library/controller.js
FN:13,(anonymous_1)
FN:17,(anonymous_2)
FN:21,(anonymous_3)
FN:30,(anonymous_4)
FN:40,(anonymous_5)
FN:50,(anonymous_6)
FN:54,(anonymous_7)
FN:62,(anonymous_8)
FN:73,(anonymous_9)
FN:84,(anonymous_10)
FN:94,(anonymous_11)
FN:98,(anonymous_12)
FN:106,(anonymous_13)
FN:114,(anonymous_14)
FN:118,(anonymous_15)
FN:122,(anonymous_16)
FN:126,(anonymous_17)
FN:130,(anonymous_18)
FN:134,(anonymous_19)
FN:148,(anonymous_20)
FN:162,(anonymous_21)
FN:172,(anonymous_22)
FN:176,(anonymous_23)
FN:185,(anonymous_24)
FN:196,(anonymous_25)
FN:207,(anonymous_26)
FN:211,(anonymous_27)
FN:220,(anonymous_28)
FN:231,(anonymous_29)
FN:242,(anonymous_30)
FN:246,(anonymous_31)
FN:255,(anonymous_32)
FN:266,(anonymous_33)
FN:277,(anonymous_34)
FNF:34
FNH:0
FNDA:0,(anonymous_1)
FNDA:0,(anonymous_2)
FNDA:0,(anonymous_3)
FNDA:0,(anonymous_4)
FNDA:0,(anonymous_5)
FNDA:0,(anonymous_6)
FNDA:0,(anonymous_7)
FNDA:0,(anonymous_8)
FNDA:0,(anonymous_9)
FNDA:0,(anonymous_10)
FNDA:0,(anonymous_11)
FNDA:0,(anonymous_12)
FNDA:0,(anonymous_13)
FNDA:0,(anonymous_14)
FNDA:0,(anonymous_15)
FNDA:0,(anonymous_16)
FNDA:0,(anonymous_17)
FNDA:0,(anonymous_18)
FNDA:0,(anonymous_19)
FNDA:0,(anonymous_20)
FNDA:0,(anonymous_21)
FNDA:0,(anonymous_22)
FNDA:0,(anonymous_23)
FNDA:0,(anonymous_24)
FNDA:0,(anonymous_25)
FNDA:0,(anonymous_26)
FNDA:0,(anonymous_27)
FNDA:0,(anonymous_28)
FNDA:0,(anonymous_29)
FNDA:0,(anonymous_30)
FNDA:0,(anonymous_31)
FNDA:0,(anonymous_32)
FNDA:0,(anonymous_33)
FNDA:0,(anonymous_34)
DA:1,1
DA:2,1
DA:3,1
DA:4,1
DA:6,1
DA:14,0
DA:18,0
DA:22,0
DA:31,0
DA:41,0
DA:51,0
DA:55,0
DA:63,0
DA:74,0
DA:85,0
DA:95,0
DA:99,0
DA:107,0
DA:115,0
DA:119,0
DA:123,0
DA:127,0
DA:131,0
DA:135,0
DA:149,0
DA:163,0
DA:173,0
DA:177,0
DA:186,0
DA:197,0
DA:208,0
DA:212,0
DA:221,0
DA:232,0
DA:243,0
DA:247,0
DA:256,0
DA:267,0
DA:278,0
DA:289,1
LF:40
LH:6
BRF:0
BRH:0
end_of_record
